2025-01-16 13:02:51 [main] DEBUG api.test.UserTests - **************** debugging ****************
2025-01-16 13:02:51 [main] INFO  api.test.UserTests - **************** Creating User ****************
2025-01-16 13:02:54 [main] INFO  api.test.UserTests - **************** User Created ****************
2025-01-16 13:02:54 [main] INFO  api.test.UserTests - **************** Reading User  Info ****************
2025-01-16 13:02:54 [main] INFO  api.test.UserTests - **************** User  Info Displayed****************
2025-01-16 13:02:54 [main] INFO  api.test.UserTests - **************** Updating User By Name ****************
2025-01-16 13:02:55 [main] INFO  api.test.UserTests - **************** User Updated ****************
2025-01-16 13:02:55 [main] INFO  api.test.UserTests - **************** Deleting User By Name ****************
2025-01-16 13:02:55 [main] INFO  api.test.UserTests - **************** User Deleted ****************
2025-01-16 13:59:36 [main] DEBUG api.test.UserTests - **************** debugging ****************
2025-01-16 13:59:36 [main] INFO  api.test.UserTests - **************** Creating User ****************
2025-01-16 13:59:40 [main] INFO  api.test.UserTests - **************** User Created ****************
2025-01-16 13:59:40 [main] INFO  api.test.UserTests - **************** Reading User  Info ****************
2025-01-16 13:59:40 [main] INFO  api.test.UserTests - **************** User  Info Displayed****************
2025-01-16 13:59:40 [main] INFO  api.test.UserTests - **************** Updating User By Name ****************
2025-01-16 13:59:40 [main] INFO  api.test.UserTests - **************** User Updated ****************
2025-01-16 13:59:40 [main] INFO  api.test.UserTests - **************** Deleting User By Name ****************
2025-01-16 13:59:41 [main] INFO  api.test.UserTests - **************** User Deleted ****************
2025-01-16 14:22:19 [main] DEBUG api.test.UserTests - **************** debugging ****************
2025-01-16 14:22:19 [main] INFO  api.test.UserTests - **************** Creating User ****************
2025-01-16 14:22:22 [main] INFO  api.test.UserTests - **************** User Created ****************
2025-01-16 14:22:22 [main] INFO  api.test.UserTests - **************** Reading User  Info ****************
2025-01-16 14:22:22 [main] INFO  api.test.UserTests - **************** User  Info Displayed****************
2025-01-16 14:22:22 [main] INFO  api.test.UserTests - **************** Updating User By Name ****************
2025-01-16 14:22:23 [main] INFO  api.test.UserTests - **************** User Updated ****************
2025-01-16 14:22:23 [main] INFO  api.test.UserTests - **************** Deleting User By Name ****************
2025-01-16 14:22:23 [main] INFO  api.test.UserTests - **************** User Deleted ****************
2025-01-16 14:24:48 [main] DEBUG api.test.UserTests - **************** debugging ****************
2025-01-16 14:24:48 [main] INFO  api.test.UserTests - **************** Creating User ****************
2025-01-16 14:24:50 [main] INFO  api.test.UserTests - **************** User Created ****************
2025-01-16 14:24:50 [main] INFO  api.test.UserTests - **************** Reading User  Info ****************
2025-01-16 14:24:50 [main] INFO  api.test.UserTests - **************** User  Info Displayed****************
2025-01-16 14:24:50 [main] INFO  api.test.UserTests - **************** Updating User By Name ****************
2025-01-16 14:24:51 [main] INFO  api.test.UserTests - **************** User Updated ****************
2025-01-16 14:24:51 [main] INFO  api.test.UserTests - **************** Deleting User By Name ****************
2025-01-16 14:24:51 [main] INFO  api.test.UserTests - **************** User Deleted ****************
2025-01-16 20:11:18 [main] DEBUG api.test.UserTests - **************** debugging ****************
2025-01-16 20:11:18 [main] INFO  api.test.UserTests - **************** Creating User ****************
2025-01-16 20:11:21 [main] INFO  api.test.UserTests - **************** User Created ****************
2025-01-16 20:11:21 [main] INFO  api.test.UserTests - **************** Reading User  Info ****************
2025-01-16 20:11:22 [main] INFO  api.test.UserTests - **************** User  Info Displayed****************
2025-01-16 20:11:22 [main] INFO  api.test.UserTests - **************** Updating User By Name ****************
2025-01-16 20:11:22 [main] INFO  api.test.UserTests - **************** User Updated ****************
2025-01-16 20:11:22 [main] INFO  api.test.UserTests - **************** Deleting User By Name ****************
2025-01-16 20:11:22 [main] INFO  api.test.UserTests - **************** User Deleted ****************
